  GJK.cpp
C:\Users\Saul\Documents\Master Videogames\Engine\MathGeoLib-master\src\Math\float4d.h(197,3): warning C4244: 'argument': conversion from 'const double' to 'float', possible loss of data
C:\Users\Saul\Documents\Master Videogames\Engine\MathGeoLib-master\src\Math\float4d.h(198,10): warning C4244: 'argument': conversion from 'const double' to 'float', possible loss of data
C:\Users\Saul\Documents\Master Videogames\Engine\MathGeoLib-master\src\Math\float4d.h(203,3): warning C4244: 'argument': conversion from 'const double' to 'float', possible loss of data
C:\Users\Saul\Documents\Master Videogames\Engine\MathGeoLib-master\src\Math\float4d.h(204,10): warning C4244: 'argument': conversion from 'const double' to 'float', possible loss of data
  LCG.cpp
  OBB.cpp
C:\Users\Saul\Documents\Master Videogames\Engine\MathGeoLib-master\src\Math\float4d.h(197,3): warning C4244: 'argument': conversion from 'const double' to 'float', possible loss of data
C:\Users\Saul\Documents\Master Videogames\Engine\MathGeoLib-master\src\Math\float4d.h(198,10): warning C4244: 'argument': conversion from 'const double' to 'float', possible loss of data
C:\Users\Saul\Documents\Master Videogames\Engine\MathGeoLib-master\src\Math\float4d.h(203,3): warning C4244: 'argument': conversion from 'const double' to 'float', possible loss of data
C:\Users\Saul\Documents\Master Videogames\Engine\MathGeoLib-master\src\Math\float4d.h(204,10): warning C4244: 'argument': conversion from 'const double' to 'float', possible loss of data
C:\Users\Saul\Documents\Master Videogames\Engine\MathGeoLib-master\src\Geometry\OBB.cpp(2810,1): warning C4996: 'sprintf': This function or variable may be unsafe. Consider using sprintf_s instead. To disable deprecation, use _CRT_SECURE_NO_WARNINGS. See online help for details.
C:\Program Files (x86)\Windows Kits\10\Include\10.0.18362.0\ucrt\stdio.h(1774): message : see declaration of 'sprintf'
  Polyhedron.cpp
C:\Users\Saul\Documents\Master Videogames\Engine\MathGeoLib-master\src\Math\float4d.h(197,3): warning C4244: 'argument': conversion from 'const double' to 'float', possible loss of data
C:\Users\Saul\Documents\Master Videogames\Engine\MathGeoLib-master\src\Math\float4d.h(198,10): warning C4244: 'argument': conversion from 'const double' to 'float', possible loss of data
C:\Users\Saul\Documents\Master Videogames\Engine\MathGeoLib-master\src\Math\float4d.h(203,3): warning C4244: 'argument': conversion from 'const double' to 'float', possible loss of data
C:\Users\Saul\Documents\Master Videogames\Engine\MathGeoLib-master\src\Math\float4d.h(204,10): warning C4244: 'argument': conversion from 'const double' to 'float', possible loss of data
  Triangle.cpp
C:\Users\Saul\Documents\Master Videogames\Engine\MathGeoLib-master\src\Math\float4d.h(197,3): warning C4244: 'argument': conversion from 'const double' to 'float', possible loss of data
C:\Users\Saul\Documents\Master Videogames\Engine\MathGeoLib-master\src\Math\float4d.h(198,10): warning C4244: 'argument': conversion from 'const double' to 'float', possible loss of data
C:\Users\Saul\Documents\Master Videogames\Engine\MathGeoLib-master\src\Math\float4d.h(203,3): warning C4244: 'argument': conversion from 'const double' to 'float', possible loss of data
C:\Users\Saul\Documents\Master Videogames\Engine\MathGeoLib-master\src\Math\float4d.h(204,10): warning C4244: 'argument': conversion from 'const double' to 'float', possible loss of data
C:\Users\Saul\Documents\Master Videogames\Engine\MathGeoLib-master\src\Geometry\Triangle.cpp(1956,1): warning C4996: 'sprintf': This function or variable may be unsafe. Consider using sprintf_s instead. To disable deprecation, use _CRT_SECURE_NO_WARNINGS. See online help for details.
C:\Program Files (x86)\Windows Kits\10\Include\10.0.18362.0\ucrt\stdio.h(1774): message : see declaration of 'sprintf'
  Triangle2D.cpp
C:\Users\Saul\Documents\Master Videogames\Engine\MathGeoLib-master\src\Geometry\AABB2D.h(135,1): warning C4996: 'sprintf': This function or variable may be unsafe. Consider using sprintf_s instead. To disable deprecation, use _CRT_SECURE_NO_WARNINGS. See online help for details.
C:\Program Files (x86)\Windows Kits\10\Include\10.0.18362.0\ucrt\stdio.h(1774): message : see declaration of 'sprintf'
C:\Users\Saul\Documents\Master Videogames\Engine\MathGeoLib-master\src\Geometry\Triangle2D.cpp(1699,1): warning C4996: 'sprintf': This function or variable may be unsafe. Consider using sprintf_s instead. To disable deprecation, use _CRT_SECURE_NO_WARNINGS. See online help for details.
C:\Program Files (x86)\Windows Kits\10\Include\10.0.18362.0\ucrt\stdio.h(1774): message : see declaration of 'sprintf'
  TriangleMesh.cpp
  BitOps.cpp
  TransformOps.cpp
C:\Users\Saul\Documents\Master Videogames\Engine\MathGeoLib-master\src\Math\TransformOps.cpp(77,1): warning C4996: 'sprintf': This function or variable may be unsafe. Consider using sprintf_s instead. To disable deprecation, use _CRT_SECURE_NO_WARNINGS. See online help for details.
C:\Program Files (x86)\Windows Kits\10\Include\10.0.18362.0\ucrt\stdio.h(1774): message : see declaration of 'sprintf'
C:\Users\Saul\Documents\Master Videogames\Engine\MathGeoLib-master\src\Math\TransformOps.cpp(293,1): warning C4996: 'sprintf': This function or variable may be unsafe. Consider using sprintf_s instead. To disable deprecation, use _CRT_SECURE_NO_WARNINGS. See online help for details.
C:\Program Files (x86)\Windows Kits\10\Include\10.0.18362.0\ucrt\stdio.h(1774): message : see declaration of 'sprintf'
  Clock.cpp
  Generating Code...
  grisu3.c
C:\Users\Saul\Documents\Master Videogames\Engine\MathGeoLib-master\src\Math\grisu3.c(323,1): warning C4996: 'strcpy': This function or variable may be unsafe. Consider using strcpy_s instead. To disable deprecation, use _CRT_SECURE_NO_WARNINGS. See online help for details.
C:\Program Files (x86)\Windows Kits\10\Include\10.0.18362.0\ucrt\string.h(133): message : see declaration of 'strcpy'
C:\Users\Saul\Documents\Master Videogames\Engine\MathGeoLib-master\src\Math\grisu3.c(348,1): warning C4996: 'sprintf': This function or variable may be unsafe. Consider using sprintf_s instead. To disable deprecation, use _CRT_SECURE_NO_WARNINGS. See online help for details.
C:\Program Files (x86)\Windows Kits\10\Include\10.0.18362.0\ucrt\stdio.h(1774): message : see declaration of 'sprintf'
C:\Users\Saul\Documents\Master Videogames\Engine\MathGeoLib-master\src\Math\grisu3.c(365,1): warning C4996: 'sprintf': This function or variable may be unsafe. Consider using sprintf_s instead. To disable deprecation, use _CRT_SECURE_NO_WARNINGS. See online help for details.
C:\Program Files (x86)\Windows Kits\10\Include\10.0.18362.0\ucrt\stdio.h(1774): message : see declaration of 'sprintf'
  Engine.vcxproj -> C:\Users\Saul\Documents\Master Videogames\Engine\Debug\EngineMaster.exe
